<?xml version="1.0" encoding="UTF-8"?>
<!-- Generated by org.testng.reporters.JUnitReportReporter -->
<testsuite skipped="0" hostname="lgvn14329-w10" name="TestSuite.testSearch" tests="3" failures="0" timestamp="28 Jun 2018 07:05:01 GMT" time="133.004" errors="0">
  <testcase name="TC01" time="38.003" classname="TestSuite.testSearch"/>
  <testcase name="TC02" time="40.253" classname="TestSuite.testSearch"/>
  <testcase name="TC02" time="54.748" classname="TestSuite.testSearch"/>
</testsuite> <!-- TestSuite.testSearch -->
