<?xml version="1.0" encoding="UTF-8"?>
<!-- Generated by org.testng.reporters.JUnitReportReporter -->
<testsuite skipped="0" hostname="lgvn14329-w10" name="TestSuite.testRegister" tests="1" failures="0" timestamp="28 Jun 2018 07:01:48 GMT" time="47.063" errors="0">
  <testcase name="TC01" time="47.063" classname="TestSuite.testRegister"/>
</testsuite> <!-- TestSuite.testRegister -->
