<?xml version="1.0" encoding="UTF-8"?>
<!-- Generated by org.testng.reporters.JUnitReportReporter -->
<testsuite skipped="0" hostname="NAV-PC" name="TestSuite.test1" tests="1" failures="0" timestamp="31 May 2018 15:07:46 GMT" time="22.777" errors="0">
  <testcase name="TC01" time="22.777" classname="TestSuite.test1"/>
</testsuite> <!-- TestSuite.test1 -->
