<?xml version="1.0" encoding="UTF-8"?>
<!-- Generated by org.testng.reporters.JUnitReportReporter -->
<testsuite skipped="0" hostname="lgvn14329-w10" name="TestSuite.testDemo" tests="3" failures="0" timestamp="29 Jun 2018 08:55:03 GMT" time="31.264" errors="0">
  <testcase name="testMethod" time="9.478" classname="TestSuite.testDemo"/>
  <testcase name="testMethod" time="10.240" classname="TestSuite.testDemo"/>
  <testcase name="testMethod" time="11.546" classname="TestSuite.testDemo"/>
</testsuite> <!-- TestSuite.testDemo -->
