<?xml version="1.0" encoding="UTF-8"?>
<!-- Generated by org.testng.reporters.JUnitReportReporter -->
<testsuite skipped="0" hostname="NAV-PC" name="TestSuite.testLogin" tests="3" failures="0" timestamp="04 Jun 2018 15:43:37 GMT" time="103.910" errors="0">
  <testcase name="TC02" time="18.620" classname="TestSuite.testLogin"/>
  <testcase name="TC01" time="66.447" classname="TestSuite.testLogin"/>
  <testcase name="TC02" time="18.843" classname="TestSuite.testLogin"/>
</testsuite> <!-- TestSuite.testLogin -->
