<?xml version="1.0" encoding="UTF-8"?>
<!-- Generated by org.testng.reporters.JUnitReportReporter -->
<testsuite skipped="0" hostname="lgvn14329-w10" name="TestSuite.testContactUs" tests="2" failures="0" timestamp="29 Jun 2018 03:41:16 GMT" time="91.738" errors="0">
  <testcase name="TC01" time="28.662" classname="TestSuite.testContactUs"/>
  <testcase name="TC01" time="63.076" classname="TestSuite.testContactUs"/>
</testsuite> <!-- TestSuite.testContactUs -->
